<?xml version="1.0" encoding="UTF-8"?>
<testng-results ignored="0" total="1" passed="1" failed="0" skipped="0">
  <reporter-output>
  </reporter-output>
  <suite started-at="2024-02-07T02:22:00 IST" name="Failed suite [Suite]" finished-at="2024-02-07T02:23:24 IST" duration-ms="84913">
    <groups>
    </groups>
    <test started-at="2024-02-07T02:22:00 IST" name="Test2(failed)" finished-at="2024-02-07T02:23:24 IST" duration-ms="84913">
      <class name="test.CareersJobSearch">
        <test-method is-config="true" signature="initsetup()[pri:0, instance:test.CareersJobSearch@292b08d6]" started-at="2024-02-07T02:22:00 IST" name="initsetup" finished-at="2024-02-07T02:22:03 IST" duration-ms="3784" status="PASS">
          <reporter-output>
          </reporter-output>
        </test-method> <!-- initsetup -->
        <test-method is-config="true" signature="getURL()[pri:0, instance:test.CareersJobSearch@292b08d6]" started-at="2024-02-07T02:22:03 IST" name="getURL" finished-at="2024-02-07T02:22:49 IST" duration-ms="45820" status="PASS">
          <reporter-output>
          </reporter-output>
        </test-method> <!-- getURL -->
        <test-method is-config="true" signature="setDriver(org.testng.ITestContext)[pri:0, instance:test.CareersJobSearch@292b08d6]" started-at="2024-02-07T02:22:49 IST" name="setDriver" finished-at="2024-02-07T02:22:49 IST" duration-ms="9" status="PASS">
          <params>
            <param index="0">
              <value>
                <![CDATA[org.testng.TestRunner@53692008]]>
              </value>
            </param>
          </params>
          <reporter-output>
          </reporter-output>
        </test-method> <!-- setDriver -->
        <test-method signature="aboutUsPage()[pri:0, instance:test.CareersJobSearch@292b08d6]" started-at="2024-02-07T02:22:49 IST" name="aboutUsPage" finished-at="2024-02-07T02:23:24 IST" duration-ms="35016" status="PASS">
          <reporter-output>
          </reporter-output>
        </test-method> <!-- aboutUsPage -->
      </class> <!-- test.CareersJobSearch -->
    </test> <!-- Test2(failed) -->
  </suite> <!-- Failed suite [Suite] -->
</testng-results>
